
VCFtools - 0.1.16
(C) Adam Auton and Anthony Marcketta 2009

Parameters as interpreted:
	--gzvcf /data/proj2/home/students/u.srinivasan/Plasmodium_us/Inputs/VCFs/vcf_gz/vcg.gz.r3/vcfs_w_newmissfilt_newpops/depth_allelebal/vcfs/new_traial/Pf3D7_dep10_90x_AB0.9_qcpass_White_Allchr_combined_final_filtered.vcf.gz
	--het
	--out Pf3D7_dep10_90x_AB0.9_qcpass_White_Allchr

Using zlib version: 1.2.13
Warning: Expected at least 2 parts in FORMAT entry: ID=PGT,Number=1,Type=String,Description="Physical phasing haplotype information, describing how the alternate alleles are phased in relation to one another">
Warning: Expected at least 2 parts in FORMAT entry: ID=PID,Number=1,Type=String,Description="Physical phasing ID information, where each unique ID within a given sample (but not across samples) connects records within a phasing group">
Warning: Expected at least 2 parts in FORMAT entry: ID=PL,Number=G,Type=Integer,Description="Normalized, Phred-scaled likelihoods for genotypes as defined in the VCF specification">
Warning: Expected at least 2 parts in FORMAT entry: ID=RGQ,Number=1,Type=Integer,Description="Unconditional reference genotype confidence, encoded as a phred quality -10*log10 p(genotype call is wrong)">
Warning: Expected at least 2 parts in INFO entry: ID=AC,Number=A,Type=Integer,Description="Allele count in genotypes, for each ALT allele, in the same order as listed">
Warning: Expected at least 2 parts in INFO entry: ID=AC,Number=A,Type=Integer,Description="Allele count in genotypes, for each ALT allele, in the same order as listed">
Warning: Expected at least 2 parts in INFO entry: ID=AF,Number=A,Type=Float,Description="Allele Frequency, for each ALT allele, in the same order as listed">
Warning: Expected at least 2 parts in INFO entry: ID=AF,Number=A,Type=Float,Description="Allele Frequency, for each ALT allele, in the same order as listed">
Warning: Expected at least 2 parts in INFO entry: ID=MLEAC,Number=A,Type=Integer,Description="Maximum likelihood expectation (MLE) for the allele counts (not necessarily the same as the AC), for each ALT allele, in the same order as listed">
Warning: Expected at least 2 parts in INFO entry: ID=MLEAC,Number=A,Type=Integer,Description="Maximum likelihood expectation (MLE) for the allele counts (not necessarily the same as the AC), for each ALT allele, in the same order as listed">
Warning: Expected at least 2 parts in INFO entry: ID=MLEAF,Number=A,Type=Float,Description="Maximum likelihood expectation (MLE) for the allele frequency (not necessarily the same as the AF), for each ALT allele, in the same order as listed">
Warning: Expected at least 2 parts in INFO entry: ID=MLEAF,Number=A,Type=Float,Description="Maximum likelihood expectation (MLE) for the allele frequency (not necessarily the same as the AF), for each ALT allele, in the same order as listed">
Warning: Expected at least 2 parts in INFO entry: ID=culprit,Number=1,Type=String,Description="The annotation which was the worst performing in the Gaussian mixture model, likely the reason why the variant was filtered out">
After filtering, kept 448 out of 448 Individuals
Outputting Individual Heterozygosity
	Individual Heterozygosity: Only using fully diploid SNPs.
After filtering, kept 480058 out of a possible 480058 Sites
Run Time = 36.00 seconds
